<?xml version="1.0" encoding="UTF-8"?>
<testng-results skipped="0" failed="0" ignored="0" total="1" passed="1">
  <reporter-output>
    <line>
      <![CDATA[Element is displayed]]>
    </line>
    <line>
      <![CDATA[Element is displayed]]>
    </line>
    <line>
      <![CDATA[Element is displayed]]>
    </line>
    <line>
      <![CDATA[Element is displayed]]>
    </line>
  </reporter-output>
  <suite name="Default suite" duration-ms="36953" started-at="2022-03-09T02:42:57Z" finished-at="2022-03-09T02:43:34Z">
    <groups>
    </groups>
    <test name="Default test" duration-ms="36953" started-at="2022-03-09T02:42:57Z" finished-at="2022-03-09T02:43:34Z">
      <class name="script.InvalidLogin">
        <test-method status="PASS" signature="openApp()[pri:0, instance:script.InvalidLogin@6cb107fd]" name="openApp" is-config="true" duration-ms="22599" started-at="2022-03-09T02:42:57Z" finished-at="2022-03-09T02:43:20Z">
          <reporter-output>
          </reporter-output>
        </test-method> <!-- openApp -->
        <test-method status="PASS" signature="testInvalidLogin()[pri:2, instance:script.InvalidLogin@6cb107fd]" name="testInvalidLogin" duration-ms="14055" started-at="2022-03-09T02:43:20Z" finished-at="2022-03-09T02:43:34Z">
          <reporter-output>
            <line>
              <![CDATA[Element is displayed]]>
            </line>
            <line>
              <![CDATA[Element is displayed]]>
            </line>
            <line>
              <![CDATA[Element is displayed]]>
            </line>
            <line>
              <![CDATA[Element is displayed]]>
            </line>
          </reporter-output>
        </test-method> <!-- testInvalidLogin -->
        <test-method status="PASS" signature="closeApp()[pri:0, instance:script.InvalidLogin@6cb107fd]" name="closeApp" is-config="true" duration-ms="254" started-at="2022-03-09T02:43:34Z" finished-at="2022-03-09T02:43:34Z">
          <reporter-output>
          </reporter-output>
        </test-method> <!-- closeApp -->
      </class> <!-- script.InvalidLogin -->
    </test> <!-- Default test -->
  </suite> <!-- Default suite -->
</testng-results>
